<?xml version="1.0" encoding="UTF-8"?>
<!-- Generated by org.testng.reporters.JUnitReportReporter -->
<testsuite skipped="0" hostname="byavuz" name="getRequest.TwitterTest" tests="1" failures="0" timestamp="28 Haz 2018 10:14:18 GMT" time="2.655" errors="0">
  <testcase name="statusCodeVerification" time="2.655" classname="getRequest.TwitterTest"/>
</testsuite> <!-- getRequest.TwitterTest -->
