<?xml version="1.0" encoding="UTF-8"?>
<!-- Generated by org.testng.reporters.JUnitReportReporter -->
<testsuite skipped="0" hostname="byavuz" name="getRequest.GetTest_2" tests="2" failures="0" timestamp="02 Tem 2018 06:29:01 GMT" time="3.094" errors="0">
  <testcase name="getResponse_sizeControl" time="2.406" classname="getRequest.GetTest_2"/>
  <testcase name="getResponse_specificCommentControl" time="0.688" classname="getRequest.GetTest_2"/>
</testsuite> <!-- getRequest.GetTest_2 -->
