<?xml version="1.0" encoding="UTF-8"?>
<!-- Generated by org.testng.reporters.JUnitReportReporter -->
<testsuite skipped="0" hostname="byavuz" name="getRequest.GetData" tests="4" failures="0" timestamp="26 Haz 2018 13:42:45 GMT" time="4.351" errors="0">
  <testcase name="aCarGoesIntoTheGarage" time="2.892" classname="getRequest.GetData"/>
  <testcase name="testResponseCode" time="0.249" classname="getRequest.GetData"/>
  <testcase name="testBody" time="0.410" classname="getRequest.GetData"/>
  <testcase name="testBody2" time="0.800" classname="getRequest.GetData"/>
</testsuite> <!-- getRequest.GetData -->
