<?xml version="1.0" encoding="UTF-8"?>
<!-- Generated by org.testng.reporters.JUnitReportReporter -->
<testsuite skipped="0" hostname="byavuz" name="getRequest.Billie_Comment_API_Control_Test" tests="2" failures="0" timestamp="02 Tem 2018 07:05:09 GMT" time="2.330" errors="0">
  <testcase name="getResponse_specificCommentControl" time="0.381" classname="getRequest.Billie_Comment_API_Control_Test"/>
  <testcase name="getResponse_sizeControl" time="1.949" classname="getRequest.Billie_Comment_API_Control_Test"/>
</testsuite> <!-- getRequest.Billie_Comment_API_Control_Test -->
